Error: bind EACCES 127.0.0.1:80
    at listenOnPrimaryHandle (node:net:1440:18)
    at rr (node:internal/cluster/child:155:12)
    at Worker.<anonymous> (node:internal/cluster/child:109:7)
    at process.onInternalMessage (node:internal/cluster/utils:49:5)
    at process.emit (node:events:539:35)
    at emit (node:internal/child_process:938:14)
    at processTicksAndRejections (node:internal/process/task_queues:84:21)
Error: bind EACCES 127.0.0.1:80
    at listenOnPrimaryHandle (node:net:1440:18)
    at rr (node:internal/cluster/child:155:12)
    at Worker.<anonymous> (node:internal/cluster/child:109:7)
    at process.onInternalMessage (node:internal/cluster/utils:49:5)
    at process.emit (node:events:539:35)
    at emit (node:internal/child_process:938:14)
    at processTicksAndRejections (node:internal/process/task_queues:84:21)
Error: bind EACCES 127.0.0.1:80
    at listenOnPrimaryHandle (node:net:1440:18)
    at rr (node:internal/cluster/child:155:12)
    at Worker.<anonymous> (node:internal/cluster/child:109:7)
    at process.onInternalMessage (node:internal/cluster/utils:49:5)
    at process.emit (node:events:539:35)
    at emit (node:internal/child_process:938:14)
    at processTicksAndRejections (node:internal/process/task_queues:84:21)
Error: bind EACCES 127.0.0.1:80
    at listenOnPrimaryHandle (node:net:1440:18)
    at rr (node:internal/cluster/child:155:12)
    at Worker.<anonymous> (node:internal/cluster/child:109:7)
    at process.onInternalMessage (node:internal/cluster/utils:49:5)
    at process.emit (node:events:539:35)
    at emit (node:internal/child_process:938:14)
    at processTicksAndRejections (node:internal/process/task_queues:84:21)
Error: bind EACCES 127.0.0.1:80
    at listenOnPrimaryHandle (node:net:1440:18)
    at rr (node:internal/cluster/child:155:12)
    at Worker.<anonymous> (node:internal/cluster/child:109:7)
    at process.onInternalMessage (node:internal/cluster/utils:49:5)
    at process.emit (node:events:539:35)
    at emit (node:internal/child_process:938:14)
    at processTicksAndRejections (node:internal/process/task_queues:84:21)
Error: bind EACCES 127.0.0.1:80
    at listenOnPrimaryHandle (node:net:1440:18)
    at rr (node:internal/cluster/child:155:12)
    at Worker.<anonymous> (node:internal/cluster/child:109:7)
    at process.onInternalMessage (node:internal/cluster/utils:49:5)
    at process.emit (node:events:539:35)
    at emit (node:internal/child_process:938:14)
    at processTicksAndRejections (node:internal/process/task_queues:84:21)
Error: bind EACCES 127.0.0.1:80
    at listenOnPrimaryHandle (node:net:1440:18)
    at rr (node:internal/cluster/child:155:12)
    at Worker.<anonymous> (node:internal/cluster/child:109:7)
    at process.onInternalMessage (node:internal/cluster/utils:49:5)
    at process.emit (node:events:539:35)
    at emit (node:internal/child_process:938:14)
    at processTicksAndRejections (node:internal/process/task_queues:84:21)
Error: bind EACCES 127.0.0.1:80
    at listenOnPrimaryHandle (node:net:1440:18)
    at rr (node:internal/cluster/child:155:12)
    at Worker.<anonymous> (node:internal/cluster/child:109:7)
    at process.onInternalMessage (node:internal/cluster/utils:49:5)
    at process.emit (node:events:539:35)
    at emit (node:internal/child_process:938:14)
    at processTicksAndRejections (node:internal/process/task_queues:84:21)
Error: bind EACCES 127.0.0.1:80
    at listenOnPrimaryHandle (node:net:1440:18)
    at rr (node:internal/cluster/child:155:12)
    at Worker.<anonymous> (node:internal/cluster/child:109:7)
    at process.onInternalMessage (node:internal/cluster/utils:49:5)
    at process.emit (node:events:539:35)
    at emit (node:internal/child_process:938:14)
    at processTicksAndRejections (node:internal/process/task_queues:84:21)
Error: bind EACCES 127.0.0.1:80
    at listenOnPrimaryHandle (node:net:1440:18)
    at rr (node:internal/cluster/child:155:12)
    at Worker.<anonymous> (node:internal/cluster/child:109:7)
    at process.onInternalMessage (node:internal/cluster/utils:49:5)
    at process.emit (node:events:539:35)
    at emit (node:internal/child_process:938:14)
    at processTicksAndRejections (node:internal/process/task_queues:84:21)
Error: bind EACCES 127.0.0.1:80
    at listenOnPrimaryHandle (node:net:1440:18)
    at rr (node:internal/cluster/child:155:12)
    at Worker.<anonymous> (node:internal/cluster/child:109:7)
    at process.onInternalMessage (node:internal/cluster/utils:49:5)
    at process.emit (node:events:539:35)
    at emit (node:internal/child_process:938:14)
    at processTicksAndRejections (node:internal/process/task_queues:84:21)
Error: bind EACCES 127.0.0.1:80
    at listenOnPrimaryHandle (node:net:1440:18)
    at rr (node:internal/cluster/child:155:12)
    at Worker.<anonymous> (node:internal/cluster/child:109:7)
    at process.onInternalMessage (node:internal/cluster/utils:49:5)
    at process.emit (node:events:539:35)
    at emit (node:internal/child_process:938:14)
    at processTicksAndRejections (node:internal/process/task_queues:84:21)
Error: bind EACCES 127.0.0.1:80
    at listenOnPrimaryHandle (node:net:1440:18)
    at rr (node:internal/cluster/child:155:12)
    at Worker.<anonymous> (node:internal/cluster/child:109:7)
    at process.onInternalMessage (node:internal/cluster/utils:49:5)
    at process.emit (node:events:539:35)
    at emit (node:internal/child_process:938:14)
    at processTicksAndRejections (node:internal/process/task_queues:84:21)
Error: bind EACCES 127.0.0.1:80
    at listenOnPrimaryHandle (node:net:1440:18)
    at rr (node:internal/cluster/child:155:12)
    at Worker.<anonymous> (node:internal/cluster/child:109:7)
    at process.onInternalMessage (node:internal/cluster/utils:49:5)
    at process.emit (node:events:539:35)
    at emit (node:internal/child_process:938:14)
    at processTicksAndRejections (node:internal/process/task_queues:84:21)
Error: bind EACCES 127.0.0.1:80
    at listenOnPrimaryHandle (node:net:1440:18)
    at rr (node:internal/cluster/child:155:12)
    at Worker.<anonymous> (node:internal/cluster/child:109:7)
    at process.onInternalMessage (node:internal/cluster/utils:49:5)
    at process.emit (node:events:539:35)
    at emit (node:internal/child_process:938:14)
    at processTicksAndRejections (node:internal/process/task_queues:84:21)
Error: bind EACCES 127.0.0.1:80
    at listenOnPrimaryHandle (node:net:1440:18)
    at rr (node:internal/cluster/child:155:12)
    at Worker.<anonymous> (node:internal/cluster/child:109:7)
    at process.onInternalMessage (node:internal/cluster/utils:49:5)
    at process.emit (node:events:539:35)
    at emit (node:internal/child_process:938:14)
    at processTicksAndRejections (node:internal/process/task_queues:84:21)
Error: bind EACCES 127.0.0.1:80
    at listenOnPrimaryHandle (node:net:1440:18)
    at rr (node:internal/cluster/child:155:12)
    at Worker.<anonymous> (node:internal/cluster/child:109:7)
    at process.onInternalMessage (node:internal/cluster/utils:49:5)
    at process.emit (node:events:539:35)
    at emit (node:internal/child_process:938:14)
    at processTicksAndRejections (node:internal/process/task_queues:84:21)
Error: bind EACCES 127.0.0.1:80
    at listenOnPrimaryHandle (node:net:1440:18)
    at rr (node:internal/cluster/child:155:12)
    at Worker.<anonymous> (node:internal/cluster/child:109:7)
    at process.onInternalMessage (node:internal/cluster/utils:49:5)
    at process.emit (node:events:539:35)
    at emit (node:internal/child_process:938:14)
    at processTicksAndRejections (node:internal/process/task_queues:84:21)
Error: bind EACCES 127.0.0.1:80
    at listenOnPrimaryHandle (node:net:1440:18)
    at rr (node:internal/cluster/child:155:12)
    at Worker.<anonymous> (node:internal/cluster/child:109:7)
    at process.onInternalMessage (node:internal/cluster/utils:49:5)
    at process.emit (node:events:539:35)
    at emit (node:internal/child_process:938:14)
    at processTicksAndRejections (node:internal/process/task_queues:84:21)
Error: bind EACCES 127.0.0.1:80
    at listenOnPrimaryHandle (node:net:1440:18)
    at rr (node:internal/cluster/child:155:12)
    at Worker.<anonymous> (node:internal/cluster/child:109:7)
    at process.onInternalMessage (node:internal/cluster/utils:49:5)
    at process.emit (node:events:539:35)
    at emit (node:internal/child_process:938:14)
    at processTicksAndRejections (node:internal/process/task_queues:84:21)
Error: bind EACCES 127.0.0.1:80
    at listenOnPrimaryHandle (node:net:1440:18)
    at rr (node:internal/cluster/child:155:12)
    at Worker.<anonymous> (node:internal/cluster/child:109:7)
    at process.onInternalMessage (node:internal/cluster/utils:49:5)
    at process.emit (node:events:539:35)
    at emit (node:internal/child_process:938:14)
    at processTicksAndRejections (node:internal/process/task_queues:84:21)
Error: bind EACCES 127.0.0.1:80
    at listenOnPrimaryHandle (node:net:1440:18)
    at rr (node:internal/cluster/child:155:12)
    at Worker.<anonymous> (node:internal/cluster/child:109:7)
    at process.onInternalMessage (node:internal/cluster/utils:49:5)
    at process.emit (node:events:539:35)
    at emit (node:internal/child_process:938:14)
    at processTicksAndRejections (node:internal/process/task_queues:84:21)
Error: bind EACCES 127.0.0.1:80
    at listenOnPrimaryHandle (node:net:1440:18)
    at rr (node:internal/cluster/child:155:12)
    at Worker.<anonymous> (node:internal/cluster/child:109:7)
    at process.onInternalMessage (node:internal/cluster/utils:49:5)
    at process.emit (node:events:539:35)
    at emit (node:internal/child_process:938:14)
    at processTicksAndRejections (node:internal/process/task_queues:84:21)
Error: bind EACCES 127.0.0.1:80
    at listenOnPrimaryHandle (node:net:1440:18)
    at rr (node:internal/cluster/child:155:12)
    at Worker.<anonymous> (node:internal/cluster/child:109:7)
    at process.onInternalMessage (node:internal/cluster/utils:49:5)
    at process.emit (node:events:539:35)
    at emit (node:internal/child_process:938:14)
    at processTicksAndRejections (node:internal/process/task_queues:84:21)
Error: bind EACCES 127.0.0.1:80
    at listenOnPrimaryHandle (node:net:1440:18)
    at rr (node:internal/cluster/child:155:12)
    at Worker.<anonymous> (node:internal/cluster/child:109:7)
    at process.onInternalMessage (node:internal/cluster/utils:49:5)
    at process.emit (node:events:539:35)
    at emit (node:internal/child_process:938:14)
    at processTicksAndRejections (node:internal/process/task_queues:84:21)
Error: bind EACCES 127.0.0.1:80
    at listenOnPrimaryHandle (node:net:1440:18)
    at rr (node:internal/cluster/child:155:12)
    at Worker.<anonymous> (node:internal/cluster/child:109:7)
    at process.onInternalMessage (node:internal/cluster/utils:49:5)
    at process.emit (node:events:539:35)
    at emit (node:internal/child_process:938:14)
    at processTicksAndRejections (node:internal/process/task_queues:84:21)
Error: bind EACCES 127.0.0.1:80
    at listenOnPrimaryHandle (node:net:1440:18)
    at rr (node:internal/cluster/child:155:12)
    at Worker.<anonymous> (node:internal/cluster/child:109:7)
    at process.onInternalMessage (node:internal/cluster/utils:49:5)
    at process.emit (node:events:539:35)
    at emit (node:internal/child_process:938:14)
    at processTicksAndRejections (node:internal/process/task_queues:84:21)
Error: bind EACCES 127.0.0.1:80
    at listenOnPrimaryHandle (node:net:1440:18)
    at rr (node:internal/cluster/child:155:12)
    at Worker.<anonymous> (node:internal/cluster/child:109:7)
    at process.onInternalMessage (node:internal/cluster/utils:49:5)
    at process.emit (node:events:539:35)
    at emit (node:internal/child_process:938:14)
    at processTicksAndRejections (node:internal/process/task_queues:84:21)
Error: bind EACCES 127.0.0.1:80
    at listenOnPrimaryHandle (node:net:1440:18)
    at rr (node:internal/cluster/child:155:12)
    at Worker.<anonymous> (node:internal/cluster/child:109:7)
    at process.onInternalMessage (node:internal/cluster/utils:49:5)
    at process.emit (node:events:539:35)
    at emit (node:internal/child_process:938:14)
    at processTicksAndRejections (node:internal/process/task_queues:84:21)
Error: bind EACCES 127.0.0.1:80
    at listenOnPrimaryHandle (node:net:1440:18)
    at rr (node:internal/cluster/child:155:12)
    at Worker.<anonymous> (node:internal/cluster/child:109:7)
    at process.onInternalMessage (node:internal/cluster/utils:49:5)
    at process.emit (node:events:539:35)
    at emit (node:internal/child_process:938:14)
    at processTicksAndRejections (node:internal/process/task_queues:84:21)
Error: bind EACCES 127.0.0.1:80
    at listenOnPrimaryHandle (node:net:1440:18)
    at rr (node:internal/cluster/child:155:12)
    at Worker.<anonymous> (node:internal/cluster/child:109:7)
    at process.onInternalMessage (node:internal/cluster/utils:49:5)
    at process.emit (node:events:539:35)
    at emit (node:internal/child_process:938:14)
    at processTicksAndRejections (node:internal/process/task_queues:84:21)
Error: bind EACCES 127.0.0.1:80
    at listenOnPrimaryHandle (node:net:1440:18)
    at rr (node:internal/cluster/child:155:12)
    at Worker.<anonymous> (node:internal/cluster/child:109:7)
    at process.onInternalMessage (node:internal/cluster/utils:49:5)
    at process.emit (node:events:539:35)
    at emit (node:internal/child_process:938:14)
    at processTicksAndRejections (node:internal/process/task_queues:84:21)
Error: bind EACCES 127.0.0.1:80
    at listenOnPrimaryHandle (node:net:1440:18)
    at rr (node:internal/cluster/child:155:12)
    at Worker.<anonymous> (node:internal/cluster/child:109:7)
    at process.onInternalMessage (node:internal/cluster/utils:49:5)
    at process.emit (node:events:539:35)
    at emit (node:internal/child_process:938:14)
    at processTicksAndRejections (node:internal/process/task_queues:84:21)
Error: bind EACCES 127.0.0.1:80
    at listenOnPrimaryHandle (node:net:1440:18)
    at rr (node:internal/cluster/child:155:12)
    at Worker.<anonymous> (node:internal/cluster/child:109:7)
    at process.onInternalMessage (node:internal/cluster/utils:49:5)
    at process.emit (node:events:539:35)
    at emit (node:internal/child_process:938:14)
    at processTicksAndRejections (node:internal/process/task_queues:84:21)
